生成启动时间为 2015/6/4 17:31:11。
     1>项目“E:\学习\maze\maze.vcxproj”在节点 2 上(Build 个目标)。
     1>ClCompile:
         C:\Program Files (x86)\Microsoft Visual Studio 12.0\VC\bin\CL.exe /c /ZI /nologo /W3 /WX- /Od /Oy- /D WIN32 /D _DEBUG /D _CONSOLE /D _VC80_UPGRADE=0x0600 /D _USING_V110_SDK71_ /D _MBCS /Gm /EHsc /RTC1 /MTd /GS /Gy- /fp:precise /Zc:wchar_t /Zc:forScope /Fo".\Debug\\" /Fd".\Debug\vc120.pdb" /Gd /TP /analyze- /errorReport:prompt maze.cpp
         maze.cpp
     1>e:\学习\maze\maze_pub.cpp(59): warning C4996: 'strcpy': This function or variable may be unsafe. Consider using strcpy_s instead. To disable deprecation, use _CRT_SECURE_NO_WARNINGS. See online help for details.
                 c:\program files (x86)\microsoft visual studio 12.0\vc\include\string.h(112) : 参见“strcpy”的声明
     1>e:\学习\maze\maze_pub.cpp(62): warning C4996: 'strncpy': This function or variable may be unsafe. Consider using strncpy_s instead. To disable deprecation, use _CRT_SECURE_NO_WARNINGS. See online help for details.
                 c:\program files (x86)\microsoft visual studio 12.0\vc\include\string.h(195) : 参见“strncpy”的声明
     1>e:\学习\maze\maze.cpp(1196): warning C4996: 'localtime': This function or variable may be unsafe. Consider using localtime_s instead. To disable deprecation, use _CRT_SECURE_NO_WARNINGS. See online help for details.
                 c:\program files (x86)\microsoft visual studio 12.0\vc\include\time.inl(112) : 参见“localtime”的声明
     1>e:\学习\maze\maze.cpp(1199): warning C4996: 'sprintf': This function or variable may be unsafe. Consider using sprintf_s instead. To disable deprecation, use _CRT_SECURE_NO_WARNINGS. See online help for details.
                 c:\program files (x86)\microsoft visual studio 12.0\vc\include\stdio.h(356) : 参见“sprintf”的声明
     1>e:\学习\maze\maze.cpp(1217): warning C4996: 'sprintf': This function or variable may be unsafe. Consider using sprintf_s instead. To disable deprecation, use _CRT_SECURE_NO_WARNINGS. See online help for details.
                 c:\program files (x86)\microsoft visual studio 12.0\vc\include\stdio.h(356) : 参见“sprintf”的声明
     1>e:\学习\maze\maze.cpp(1222): warning C4996: 'sprintf': This function or variable may be unsafe. Consider using sprintf_s instead. To disable deprecation, use _CRT_SECURE_NO_WARNINGS. See online help for details.
                 c:\program files (x86)\microsoft visual studio 12.0\vc\include\stdio.h(356) : 参见“sprintf”的声明
       Link:
         C:\Program Files (x86)\Microsoft Visual Studio 12.0\VC\bin\link.exe /ERRORREPORT:PROMPT /OUT:".\Debug\maze.exe" /INCREMENTAL /NOLOGO odbc32.lib odbccp32.lib kernel32.lib user32.lib gdi32.lib winspool.lib comdlg32.lib advapi32.lib shell32.lib ole32.lib oleaut32.lib uuid.lib odbc32.lib odbccp32.lib /MANIFEST /MANIFESTUAC:"level='asInvoker' uiAccess='false'" /manifest:embed /DEBUG /PDB:".\Debug\maze.pdb" /SUBSYSTEM:WINDOWS,"5.01" /TLBID:1 /DYNAMICBASE /NXCOMPAT /IMPLIB:".\Debug\maze.lib" /MACHINE:X86 /SAFESEH .\Debug\maze.obj
     1>maze.obj : warning LNK4075: 忽略“/EDITANDCONTINUE”(由于“/SAFESEH”规范)
         maze.vcxproj -> E:\学习\maze\.\Debug\maze.exe
     1>已完成生成项目“E:\学习\maze\maze.vcxproj”(Build 个目标)的操作。

生成成功。

已用时间 00:00:01.79
